<?xml version="1.0" encoding="UTF-8"?>
<testsuite xmlns:xsi="http://www.w3.org/2001/XMLSchema-instance" xsi:noNamespaceSchemaLocation="https://maven.apache.org/surefire/maven-surefire-plugin/xsd/surefire-test-report-3.0.xsd" version="3.0" name="UserService2Test" time="0.044" tests="5" errors="0" skipped="0" failures="0">
  <properties>
    <property name="java.specification.version" value="21"/>
    <property name="sun.cpu.isalist" value="amd64"/>
    <property name="sun.jnu.encoding" value="GBK"/>
    <property name="java.class.path" value="C:\Users\32394\IdeaProjects\web-ai-project01\maven-project-01\target\test-classes;C:\Users\32394\IdeaProjects\web-ai-project01\maven-project-01\target\classes;C:\Users\32394\Documents\apache-maven-3.9.9\mvn_repository\cn\hutool\hutool-all\5.8.21\hutool-all-5.8.21.jar;C:\Users\32394\Documents\apache-maven-3.9.9\mvn_repository\org\junit\jupiter\junit-jupiter\5.9.1\junit-jupiter-5.9.1.jar;C:\Users\32394\Documents\apache-maven-3.9.9\mvn_repository\org\junit\jupiter\junit-jupiter-api\5.9.1\junit-jupiter-api-5.9.1.jar;C:\Users\32394\Documents\apache-maven-3.9.9\mvn_repository\org\opentest4j\opentest4j\1.2.0\opentest4j-1.2.0.jar;C:\Users\32394\Documents\apache-maven-3.9.9\mvn_repository\org\junit\platform\junit-platform-commons\1.9.1\junit-platform-commons-1.9.1.jar;C:\Users\32394\Documents\apache-maven-3.9.9\mvn_repository\org\apiguardian\apiguardian-api\1.1.2\apiguardian-api-1.1.2.jar;C:\Users\32394\Documents\apache-maven-3.9.9\mvn_repository\org\junit\jupiter\junit-jupiter-params\5.9.1\junit-jupiter-params-5.9.1.jar;C:\Users\32394\Documents\apache-maven-3.9.9\mvn_repository\org\junit\jupiter\junit-jupiter-engine\5.9.1\junit-jupiter-engine-5.9.1.jar;C:\Users\32394\Documents\apache-maven-3.9.9\mvn_repository\org\junit\platform\junit-platform-engine\1.9.1\junit-platform-engine-1.9.1.jar;"/>
    <property name="java.vm.vendor" value="Oracle Corporation"/>
    <property name="sun.arch.data.model" value="64"/>
    <property name="user.variant" value=""/>
    <property name="java.vendor.url" value="https://java.oracle.com/"/>
    <property name="user.timezone" value="Asia/Shanghai"/>
    <property name="os.name" value="Windows 11"/>
    <property name="java.vm.specification.version" value="21"/>
    <property name="sun.java.launcher" value="SUN_STANDARD"/>
    <property name="user.country" value="CN"/>
    <property name="sun.boot.library.path" value="C:\Program Files\Java\jdk-21\bin"/>
    <property name="sun.java.command" value="C:\Users\32394\AppData\Local\Temp\surefire294841358561522160\surefirebooter-20250418164509576_3.jar C:\Users\32394\AppData\Local\Temp\surefire294841358561522160 2025-04-18T16-45-09_455-jvmRun1 surefire-20250418164509576_1tmp surefire_0-20250418164509576_2tmp"/>
    <property name="jdk.debug" value="release"/>
    <property name="surefire.test.class.path" value="C:\Users\32394\IdeaProjects\web-ai-project01\maven-project-01\target\test-classes;C:\Users\32394\IdeaProjects\web-ai-project01\maven-project-01\target\classes;C:\Users\32394\Documents\apache-maven-3.9.9\mvn_repository\cn\hutool\hutool-all\5.8.21\hutool-all-5.8.21.jar;C:\Users\32394\Documents\apache-maven-3.9.9\mvn_repository\org\junit\jupiter\junit-jupiter\5.9.1\junit-jupiter-5.9.1.jar;C:\Users\32394\Documents\apache-maven-3.9.9\mvn_repository\org\junit\jupiter\junit-jupiter-api\5.9.1\junit-jupiter-api-5.9.1.jar;C:\Users\32394\Documents\apache-maven-3.9.9\mvn_repository\org\opentest4j\opentest4j\1.2.0\opentest4j-1.2.0.jar;C:\Users\32394\Documents\apache-maven-3.9.9\mvn_repository\org\junit\platform\junit-platform-commons\1.9.1\junit-platform-commons-1.9.1.jar;C:\Users\32394\Documents\apache-maven-3.9.9\mvn_repository\org\apiguardian\apiguardian-api\1.1.2\apiguardian-api-1.1.2.jar;C:\Users\32394\Documents\apache-maven-3.9.9\mvn_repository\org\junit\jupiter\junit-jupiter-params\5.9.1\junit-jupiter-params-5.9.1.jar;C:\Users\32394\Documents\apache-maven-3.9.9\mvn_repository\org\junit\jupiter\junit-jupiter-engine\5.9.1\junit-jupiter-engine-5.9.1.jar;C:\Users\32394\Documents\apache-maven-3.9.9\mvn_repository\org\junit\platform\junit-platform-engine\1.9.1\junit-platform-engine-1.9.1.jar;"/>
    <property name="sun.cpu.endian" value="little"/>
    <property name="user.home" value="C:\Users\32394"/>
    <property name="user.language" value="zh"/>
    <property name="java.specification.vendor" value="Oracle Corporation"/>
    <property name="java.version.date" value="2025-01-21"/>
    <property name="java.home" value="C:\Program Files\Java\jdk-21"/>
    <property name="file.separator" value="\"/>
    <property name="basedir" value="C:\Users\32394\IdeaProjects\web-ai-project01\maven-project-01"/>
    <property name="java.vm.compressedOopsMode" value="Zero based"/>
    <property name="line.separator" value="&#10;"/>
    <property name="java.vm.specification.vendor" value="Oracle Corporation"/>
    <property name="java.specification.name" value="Java Platform API Specification"/>
    <property name="surefire.real.class.path" value="C:\Users\32394\AppData\Local\Temp\surefire294841358561522160\surefirebooter-20250418164509576_3.jar"/>
    <property name="user.script" value=""/>
    <property name="sun.management.compiler" value="HotSpot 64-Bit Tiered Compilers"/>
    <property name="java.runtime.version" value="21.0.6+8-LTS-188"/>
    <property name="user.name" value="32394"/>
    <property name="stdout.encoding" value="GBK"/>
    <property name="path.separator" value=";"/>
    <property name="os.version" value="10.0"/>
    <property name="java.runtime.name" value="Java(TM) SE Runtime Environment"/>
    <property name="file.encoding" value="UTF-8"/>
    <property name="java.vm.name" value="Java HotSpot(TM) 64-Bit Server VM"/>
    <property name="localRepository" value="C:\Users\32394\Documents\apache-maven-3.9.9\mvn_repository"/>
    <property name="java.vendor.url.bug" value="https://bugreport.java.com/bugreport/"/>
    <property name="java.io.tmpdir" value="C:\Users\32394\AppData\Local\Temp\"/>
    <property name="idea.version" value="2024.3.3"/>
    <property name="java.version" value="21.0.6"/>
    <property name="user.dir" value="C:\Users\32394\IdeaProjects\web-ai-project01\maven-project-01"/>
    <property name="os.arch" value="amd64"/>
    <property name="java.vm.specification.name" value="Java Virtual Machine Specification"/>
    <property name="sun.os.patch.level" value=""/>
    <property name="native.encoding" value="GBK"/>
    <property name="java.library.path" value="C:\Program Files\Java\jdk-21\bin;C:\WINDOWS\Sun\Java\bin;C:\WINDOWS\system32;C:\WINDOWS;C:\Program Files\Common Files\Oracle\Java\javapath;C:\Program Files (x86)\VMware\VMware Workstation\bin\;C:\WINDOWS\system32;C:\WINDOWS;C:\WINDOWS\System32\Wbem;C:\WINDOWS\System32\WindowsPowerShell\v1.0\;C:\WINDOWS\System32\OpenSSH\;C:\Program Files\Bandizip\;C:\Program Files\Git\cmd;C:\Program Files (x86)\Tencent\微信web开发者工具\dll;C:\Program Files (x86)\SteamLocomotive\;C:\Users\32394\Documents\apache-maven-3.9.9\bin;C:\Program Files\cpolar;C:\Users\32394\AppData\Local\Programs\Python\Python312\Scripts\;C:\Users\32394\AppData\Local\Programs\Python\Python312\;C:\Users\32394\AppData\Local\Microsoft\WindowsApps;C:\Users\32394\AppData\Local\Programs\Microsoft VS Code\bin;C:\Program Files\JetBrains\IntelliJ IDEA Community Edition 2024.3.3\bin;;C:\\Users\\32394\\anaconda3\\condabin;;C:\Program Files\JetBrains\PyCharm Community Edition 2024.3.4\bin;;C:\Program Files\cpolar\;."/>
    <property name="java.vm.info" value="mixed mode, sharing"/>
    <property name="stderr.encoding" value="GBK"/>
    <property name="java.vendor" value="Oracle Corporation"/>
    <property name="java.vm.version" value="21.0.6+8-LTS-188"/>
    <property name="sun.io.unicode.encoding" value="UnicodeLittle"/>
    <property name="maven.repo.local" value="C:\Users\32394\Documents\apache-maven-3.9.9\mvn_repository"/>
    <property name="java.class.version" value="65.0"/>
  </properties>
  <testcase name="testGender2" classname="UserService2Test" time="0.018"/>
  <testcase name="testGender3" classname="UserService2Test" time="0.001"/>
  <testcase name="testGender4" classname="UserService2Test" time="0.002"/>
  <testcase name="testGender5" classname="UserService2Test" time="0.001"/>
  <testcase name="testGetGender1" classname="UserService2Test" time="0.001"/>
</testsuite>